  0001-Mattrix.cpp
  Mattrix.cpp
C:\My Files\Studies\UClan (BsC)\Year 2\Practicals\C++ codes\Projects\0001-Mattrix\Mattrix.cpp(7,20): warning C4018: '<': signed/unsigned mismatch
C:\My Files\Studies\UClan (BsC)\Year 2\Practicals\C++ codes\Projects\0001-Mattrix\Mattrix.cpp(9,21): warning C4018: '<': signed/unsigned mismatch
C:\My Files\Studies\UClan (BsC)\Year 2\Practicals\C++ codes\Projects\0001-Mattrix\Mattrix.cpp(31,20): warning C4018: '<': signed/unsigned mismatch
C:\My Files\Studies\UClan (BsC)\Year 2\Practicals\C++ codes\Projects\0001-Mattrix\Mattrix.cpp(33,21): warning C4018: '<': signed/unsigned mismatch
C:\My Files\Studies\UClan (BsC)\Year 2\Practicals\C++ codes\Projects\0001-Mattrix\Mattrix.cpp(58,20): warning C4018: '<': signed/unsigned mismatch
C:\My Files\Studies\UClan (BsC)\Year 2\Practicals\C++ codes\Projects\0001-Mattrix\Mattrix.cpp(60,21): warning C4018: '<': signed/unsigned mismatch
C:\My Files\Studies\UClan (BsC)\Year 2\Practicals\C++ codes\Projects\0001-Mattrix\Mattrix.cpp(62,22): warning C4018: '<': signed/unsigned mismatch
C:\My Files\Studies\UClan (BsC)\Year 2\Practicals\C++ codes\Projects\0001-Mattrix\Mattrix.cpp(76,20): warning C4018: '<': signed/unsigned mismatch
C:\My Files\Studies\UClan (BsC)\Year 2\Practicals\C++ codes\Projects\0001-Mattrix\Mattrix.cpp(78,21): warning C4018: '<': signed/unsigned mismatch
C:\My Files\Studies\UClan (BsC)\Year 2\Practicals\C++ codes\Projects\0001-Mattrix\Mattrix.cpp(92,22): warning C4018: '<': signed/unsigned mismatch
C:\My Files\Studies\UClan (BsC)\Year 2\Practicals\C++ codes\Projects\0001-Mattrix\Mattrix.cpp(102,21): warning C4018: '<': signed/unsigned mismatch
C:\My Files\Studies\UClan (BsC)\Year 2\Practicals\C++ codes\Projects\0001-Mattrix\Mattrix.cpp(107,20): warning C4018: '<': signed/unsigned mismatch
C:\My Files\Studies\UClan (BsC)\Year 2\Practicals\C++ codes\Projects\0001-Mattrix\Mattrix.cpp(109,21): warning C4018: '<': signed/unsigned mismatch
C:\My Files\Studies\UClan (BsC)\Year 2\Practicals\C++ codes\Projects\0001-Mattrix\Mattrix.cpp(163,20): warning C4018: '<': signed/unsigned mismatch
C:\My Files\Studies\UClan (BsC)\Year 2\Practicals\C++ codes\Projects\0001-Mattrix\Mattrix.cpp(165,21): warning C4018: '<': signed/unsigned mismatch
C:\My Files\Studies\UClan (BsC)\Year 2\Practicals\C++ codes\Projects\0001-Mattrix\Mattrix.cpp(180,20): warning C4018: '<': signed/unsigned mismatch
C:\My Files\Studies\UClan (BsC)\Year 2\Practicals\C++ codes\Projects\0001-Mattrix\Mattrix.cpp(182,21): warning C4018: '<': signed/unsigned mismatch
C:\My Files\Studies\UClan (BsC)\Year 2\Practicals\C++ codes\Projects\0001-Mattrix\Mattrix.cpp(193,20): warning C4018: '<': signed/unsigned mismatch
C:\My Files\Studies\UClan (BsC)\Year 2\Practicals\C++ codes\Projects\0001-Mattrix\Mattrix.cpp(196,21): warning C4018: '<': signed/unsigned mismatch
C:\My Files\Studies\UClan (BsC)\Year 2\Practicals\C++ codes\Projects\0001-Mattrix\Mattrix.cpp(222,20): warning C4018: '<': signed/unsigned mismatch
C:\My Files\Studies\UClan (BsC)\Year 2\Practicals\C++ codes\Projects\0001-Mattrix\Mattrix.cpp(225,21): warning C4018: '<': signed/unsigned mismatch
C:\My Files\Studies\UClan (BsC)\Year 2\Practicals\C++ codes\Projects\0001-Mattrix\Mattrix.cpp(237,20): warning C4018: '<': signed/unsigned mismatch
C:\My Files\Studies\UClan (BsC)\Year 2\Practicals\C++ codes\Projects\0001-Mattrix\Mattrix.cpp(240,21): warning C4018: '<': signed/unsigned mismatch
C:\My Files\Studies\UClan (BsC)\Year 2\Practicals\C++ codes\Projects\0001-Mattrix\Mattrix.cpp(249,20): warning C4018: '<': signed/unsigned mismatch
  Generating Code...
  0001-Mattrix.vcxproj -> C:\My Files\Studies\UClan (BsC)\Year 2\Practicals\C++ codes\Projects\0001-Mattrix\x64\Debug\0001-Mattrix.exe
